<?xml version="1.0" encoding="UTF-8"?>
<!-- Generated by org.testng.reporters.JUnitReportReporter -->
<testsuite hostname="vishals-Air" failures="0" tests="4" name="CucumberDemo.TestNgRunner" time="38.076" errors="1" timestamp="2023-01-04T19:28:10 IST" skipped="0">
  <testcase classname="CucumberDemo.TestNgRunner" name="runScenario" time="10.639"/>
  <system-out/>
  <testcase classname="CucumberDemo.TestNgRunner" name="runScenario" time="10.756"/>
  <system-out/>
  <testcase classname="CucumberDemo.TestNgRunner" name="runScenario" time="15.708"/>
  <system-out/>
  <testcase classname="CucumberDemo.TestNgRunner" name="tearDownClass" time="0.973">
    <error message="java.io.IOException: HTTP request failed:
&gt; GET https://messages.cucumber.io/api/reports
&lt; HTTP/1.1 401 Unauthorized
&lt; X-Cache: Error from cloudfront
&lt; x-amz-apigw-id: eOHd4GQ9iGYFv_A=
&lt; Access-Control-Allow-Origin: https://reports.cucumber.io
&lt; Access-Control-Allow-Methods: GET
&lt; X-Amz-Cf-Pop: DEL51-P2
&lt; Connection: keep-alive
&lt; Date: Wed, 04 Jan 2023 13:58:10 GMT
&lt; Access-Control-Allow-Headers: Content-Type,Authorization,X-Amz-Date,X-Api-Key,X-Amz-Security-Token
&lt; X-Amzn-Trace-Id: Root=1-63b585f2-4504296955e5cca32428e839;Sampled=0
&lt; Via: 1.1 a9f4e95593a368fed85a9befd33ac366.cloudfront.net (CloudFront)
&lt; Cache-Control: private, no-cache, no-store, must-revalidate
&lt; Access-Control-Allow-Credentials: true
&lt; x-amzn-RequestId: 651fa99f-a18b-4648-9dd9-9ebf9b6508fe
&lt; X-Amz-Cf-Id: Dk5HeviQZC_Frdz6-rd-drBhSWYf93BBC513T8Z9SblY3_rv3MbEEw==
&lt; Content-Length: 627
&lt; Content-Type: text/plain; charset=UTF-8
[31m[1m┌──────────────────────────────────────────────────────────────┐[0m
[31m[1m│[0m Invalid CUCUMBER_PUBLISH_TOKEN: [1msome-secret-token[0m            [31m[1m│[0m
[31m[1m│[0m Go to [1m[36m[4mhttps://reports.cucumber.io/profile[0m to get your token. [31m[1m│[0m
[31m[1m└──────────────────────────────────────────────────────────────┘[0m" type="java.lang.RuntimeException">
      <![CDATA[java.lang.RuntimeException: java.io.IOException: HTTP request failed:
> GET https://messages.cucumber.io/api/reports
< HTTP/1.1 401 Unauthorized
< X-Cache: Error from cloudfront
< x-amz-apigw-id: eOHd4GQ9iGYFv_A=
< Access-Control-Allow-Origin: https://reports.cucumber.io
< Access-Control-Allow-Methods: GET
< X-Amz-Cf-Pop: DEL51-P2
< Connection: keep-alive
< Date: Wed, 04 Jan 2023 13:58:10 GMT
< Access-Control-Allow-Headers: Content-Type,Authorization,X-Amz-Date,X-Api-Key,X-Amz-Security-Token
< X-Amzn-Trace-Id: Root=1-63b585f2-4504296955e5cca32428e839;Sampled=0
< Via: 1.1 a9f4e95593a368fed85a9befd33ac366.cloudfront.net (CloudFront)
< Cache-Control: private, no-cache, no-store, must-revalidate
< Access-Control-Allow-Credentials: true
< x-amzn-RequestId: 651fa99f-a18b-4648-9dd9-9ebf9b6508fe
< X-Amz-Cf-Id: Dk5HeviQZC_Frdz6-rd-drBhSWYf93BBC513T8Z9SblY3_rv3MbEEw==
< Content-Length: 627
< Content-Type: text/plain; charset=UTF-8
[31m[1m┌──────────────────────────────────────────────────────────────┐[0m
[31m[1m│[0m Invalid CUCUMBER_PUBLISH_TOKEN: [1msome-secret-token[0m            [31m[1m│[0m
[31m[1m│[0m Go to [1m[36m[4mhttps://reports.cucumber.io/profile[0m to get your token. [31m[1m│[0m
[31m[1m└──────────────────────────────────────────────────────────────┘[0m
at io.cucumber.core.plugin.MessageFormatter.writeMessage(MessageFormatter.java:32)
at io.cucumber.core.eventbus.AbstractEventPublisher.send(AbstractEventPublisher.java:51)
at io.cucumber.core.eventbus.AbstractEventBus.send(AbstractEventBus.java:12)
at io.cucumber.core.runtime.SynchronizedEventBus.send(SynchronizedEventBus.java:47)
at io.cucumber.core.runtime.CucumberExecutionContext.emitTestRunFinished(CucumberExecutionContext.java:117)
at io.cucumber.core.runtime.CucumberExecutionContext.finishTestRun(CucumberExecutionContext.java:98)
at io.cucumber.testng.TestNGCucumberRunner.finish(TestNGCucumberRunner.java:145)
at io.cucumber.testng.AbstractTestNGCucumberTests.tearDownClass(AbstractTestNGCucumberTests.java:57)
at java.base/jdk.internal.reflect.DirectMethodHandleAccessor.invoke(DirectMethodHandleAccessor.java:104)
at java.base/java.lang.reflect.Method.invoke(Method.java:578)
at org.testng.internal.invokers.MethodInvocationHelper.invokeMethod(MethodInvocationHelper.java:139)
at org.testng.internal.invokers.MethodInvocationHelper.invokeMethodConsideringTimeout(MethodInvocationHelper.java:69)
at org.testng.internal.invokers.ConfigInvoker.invokeConfigurationMethod(ConfigInvoker.java:361)
at org.testng.internal.invokers.ConfigInvoker.invokeConfigurations(ConfigInvoker.java:296)
at org.testng.internal.invokers.TestMethodWorker.invokeAfterClassMethods(TestMethodWorker.java:222)
at org.testng.internal.invokers.TestMethodWorker.run(TestMethodWorker.java:131)
at java.base/java.util.ArrayList.forEach(ArrayList.java:1511)
at org.testng.TestRunner.privateRun(TestRunner.java:806)
at org.testng.TestRunner.run(TestRunner.java:601)
at org.testng.SuiteRunner.runTest(SuiteRunner.java:433)
at org.testng.SuiteRunner.runSequentially(SuiteRunner.java:427)
at org.testng.SuiteRunner.privateRun(SuiteRunner.java:387)
at org.testng.SuiteRunner.run(SuiteRunner.java:330)
at org.testng.SuiteRunnerWorker.runSuite(SuiteRunnerWorker.java:52)
at org.testng.SuiteRunnerWorker.run(SuiteRunnerWorker.java:95)
at org.testng.TestNG.runSuitesSequentially(TestNG.java:1256)
at org.testng.TestNG.runSuitesLocally(TestNG.java:1176)
at org.testng.TestNG.runSuites(TestNG.java:1099)
at org.testng.TestNG.run(TestNG.java:1067)
at org.apache.maven.surefire.testng.TestNGExecutor.run(TestNGExecutor.java:283)
at org.apache.maven.surefire.testng.TestNGXmlTestSuite.execute(TestNGXmlTestSuite.java:75)
at org.apache.maven.surefire.testng.TestNGProvider.invoke(TestNGProvider.java:120)
at org.apache.maven.surefire.booter.ForkedBooter.invokeProviderInSameClassLoader(ForkedBooter.java:384)
at org.apache.maven.surefire.booter.ForkedBooter.runSuitesInProcess(ForkedBooter.java:345)
at org.apache.maven.surefire.booter.ForkedBooter.execute(ForkedBooter.java:126)
at org.apache.maven.surefire.booter.ForkedBooter.main(ForkedBooter.java:418)
Caused by: java.io.IOException: HTTP request failed:
> GET https://messages.cucumber.io/api/reports
< HTTP/1.1 401 Unauthorized
< X-Cache: Error from cloudfront
< x-amz-apigw-id: eOHd4GQ9iGYFv_A=
< Access-Control-Allow-Origin: https://reports.cucumber.io
< Access-Control-Allow-Methods: GET
< X-Amz-Cf-Pop: DEL51-P2
< Connection: keep-alive
< Date: Wed, 04 Jan 2023 13:58:10 GMT
< Access-Control-Allow-Headers: Content-Type,Authorization,X-Amz-Date,X-Api-Key,X-Amz-Security-Token
< X-Amzn-Trace-Id: Root=1-63b585f2-4504296955e5cca32428e839;Sampled=0
< Via: 1.1 a9f4e95593a368fed85a9befd33ac366.cloudfront.net (CloudFront)
< Cache-Control: private, no-cache, no-store, must-revalidate
< Access-Control-Allow-Credentials: true
< x-amzn-RequestId: 651fa99f-a18b-4648-9dd9-9ebf9b6508fe
< X-Amz-Cf-Id: Dk5HeviQZC_Frdz6-rd-drBhSWYf93BBC513T8Z9SblY3_rv3MbEEw==
< Content-Length: 627
< Content-Type: text/plain; charset=UTF-8
[31m[1m┌──────────────────────────────────────────────────────────────┐[0m
[31m[1m│[0m Invalid CUCUMBER_PUBLISH_TOKEN: [1msome-secret-token[0m            [31m[1m│[0m
[31m[1m│[0m Go to [1m[36m[4mhttps://reports.cucumber.io/profile[0m to get your token. [31m[1m│[0m
[31m[1m└──────────────────────────────────────────────────────────────┘[0m
at io.cucumber.core.plugin.UrlOutputStream.createCurlLikeException(UrlOutputStream.java:150)
at io.cucumber.core.plugin.UrlOutputStream.getResponseBody(UrlOutputStream.java:135)
at io.cucumber.core.plugin.UrlOutputStream.sendRequest(UrlOutputStream.java:87)
at io.cucumber.core.plugin.UrlOutputStream.close(UrlOutputStream.java:65)
at java.base/sun.nio.cs.StreamEncoder.implClose(StreamEncoder.java:443)
at java.base/sun.nio.cs.StreamEncoder.lockedClose(StreamEncoder.java:241)
at java.base/sun.nio.cs.StreamEncoder.close(StreamEncoder.java:232)
at java.base/java.io.OutputStreamWriter.close(OutputStreamWriter.java:267)
at io.cucumber.core.plugin.MessageFormatter.writeMessage(MessageFormatter.java:29)
... 35 more
]]>
    </error>
  </testcase> <!-- tearDownClass -->
  <system-out/>
</testsuite> <!-- CucumberDemo.TestNgRunner -->
